Added Component: Designator=CN?(CONN-TH_2P-P2.50-XH2.54-2P)
Add component. Clean all parameters for all variants
Added Component: Designator=U?(SW-TH_KH-SS12D11-G5)
Add component. Clean all parameters for all variants
Added Component: Designator=U?(SOT-23-6_L2.9-W1.6-P0.95-LS2.8-BL-1)
Add component. Clean all parameters for all variants
Added Component: Designator=U?(ESP32DEVKITC)
Add component. Clean all parameters for all variants
Added Component: Designator=U?(0.96OLEDIIC)
Add component. Clean all parameters for all variants
Added Pin To Net: NetName=NetP2_1 Pin=CN1-2
Added Pin To Net: NetName=NetP2_1 Pin=U3-2
Change Net Name : Old Net Name=NetP2_1 New Net Name=VCC
Added Member To Class: ClassName=XH2.54-2P_Ö±²å_2024-04-30 Member=Component CN? 
Added Member To Class: ClassName=0.96OLED_4P_2024-05-03 Member=Component U? 
Added Member To Class: ClassName=ESP32DevKitC_2024-03-25 Member=Component U? 
Added Member To Class: ClassName=PW5410B_2024-04-30 Member=Component U? 
Added Member To Class: ClassName=switch-SS12D11-G5_2024-05-03 Member=Component U? 
Added Room: Name=0.96OLED_4P_2024-05-03
Added Room: Name=ESP32DevKitC_2024-03-25
Added Room: Name=PW5410B_2024-04-30
Added Room: Name=Sheet2
Added Room: Name=switch-SS12D11-G5_2024-05-03
Added Room: Name=XH2.54-2P_Ö±²å_2024-04-30
